2021-07-28 14:40:45.503 +06:00 [INF] Application Starting up
2021-07-28 14:48:35.099 +06:00 [INF] Application Starting up
2021-07-28 14:51:20.564 +06:00 [INF] Application Starting up
2021-07-28 14:51:24.099 +06:00 [ERR] An unhandled exception has occurred while executing the request.
Microsoft.AspNetCore.Routing.Matching.AmbiguousMatchException: The request matched multiple endpoints. Matches: 

SocialNetwork.Web.Controllers.HomeController.Index (SocialNetwork.Web)
SocialNetwork.Web.Areas.Admin.Controllers.HomeController.Index (SocialNetwork.Web)
   at Microsoft.AspNetCore.Routing.Matching.DefaultEndpointSelector.ReportAmbiguity(CandidateState[] candidateState)
   at Microsoft.AspNetCore.Routing.Matching.DefaultEndpointSelector.ProcessFinalCandidates(HttpContext httpContext, CandidateState[] candidateState)
   at Microsoft.AspNetCore.Routing.Matching.DefaultEndpointSelector.Select(HttpContext httpContext, CandidateState[] candidateState)
   at Microsoft.AspNetCore.Routing.Matching.DfaMatcher.MatchAsync(HttpContext httpContext)
   at Microsoft.AspNetCore.Routing.Matching.DataSourceDependentMatcher.MatchAsync(HttpContext httpContext)
   at Microsoft.AspNetCore.Routing.EndpointRoutingMiddleware.Invoke(HttpContext httpContext)
   at Microsoft.AspNetCore.StaticFiles.StaticFileMiddleware.Invoke(HttpContext context)
   at Microsoft.AspNetCore.HttpsPolicy.HttpsRedirectionMiddleware.Invoke(HttpContext context)
   at Microsoft.AspNetCore.Diagnostics.EntityFrameworkCore.MigrationsEndPointMiddleware.Invoke(HttpContext context)
   at Microsoft.AspNetCore.Diagnostics.DeveloperExceptionPageMiddleware.Invoke(HttpContext context)
2021-07-28 14:51:28.887 +06:00 [ERR] An exception occurred while calculating the database error page content. Skipping display of the database error page.
System.InvalidOperationException: StatusCode cannot be set because the response has already started.
   at Microsoft.AspNetCore.Server.IIS.Core.IISHttpContext.ThrowResponseAlreadyStartedException(String name)
   at Microsoft.AspNetCore.Server.IIS.Core.IISHttpContext.set_StatusCode(Int32 value)
   at Microsoft.AspNetCore.Server.IIS.Core.IISHttpContext.Microsoft.AspNetCore.Http.Features.IHttpResponseFeature.set_StatusCode(Int32 value)
   at Microsoft.AspNetCore.Http.DefaultHttpResponse.set_StatusCode(Int32 value)
   at Microsoft.AspNetCore.Diagnostics.EntityFrameworkCore.Views.DatabaseErrorPage.ExecuteAsync()
   at Microsoft.Extensions.RazorViews.BaseView.ExecuteAsync(HttpContext context)
   at Microsoft.AspNetCore.Diagnostics.EntityFrameworkCore.DatabaseDeveloperPageExceptionFilter.HandleExceptionAsync(ErrorContext errorContext, Func`2 next)
2021-07-28 14:52:41.133 +06:00 [INF] Application Starting up
2021-07-28 22:37:20.362 +06:00 [INF] Application Starting up
2021-07-28 23:05:18.492 +06:00 [INF] Application Starting up
2021-07-28 23:17:28.378 +06:00 [INF] Application Starting up
2021-07-28 23:19:47.190 +06:00 [INF] Application Starting up
2021-07-28 23:23:24.084 +06:00 [INF] Application Starting up
2021-07-28 23:26:34.570 +06:00 [INF] Application Starting up
