2021-09-27 19:26:12.130 +06:00 [INF] Application Starting up
2021-09-27 19:26:33.499 +06:00 [INF] User logged in.
2021-09-27 19:34:05.951 +06:00 [INF] Application Starting up
2021-09-27 19:34:52.239 +06:00 [INF] User logged in.
2021-09-27 19:35:29.453 +06:00 [INF] User created a new account with password.
2021-09-27 19:40:14.681 +06:00 [INF] Application Starting up
2021-09-27 19:40:30.534 +06:00 [INF] User logged in.
2021-09-27 19:52:41.315 +06:00 [INF] Application Starting up
2021-09-27 19:55:17.498 +06:00 [INF] Application Starting up
2021-09-27 19:56:20.829 +06:00 [INF] Application Starting up
2021-09-27 19:56:54.314 +06:00 [INF] Application Starting up
2021-09-27 19:57:08.826 +06:00 [WRN] Invalid password for user.
2021-09-27 19:57:08.832 +06:00 [WRN] User failed to provide the correct password.
2021-09-27 19:57:16.653 +06:00 [INF] User logged in.
2021-09-27 19:58:50.065 +06:00 [INF] Application Starting up
2021-09-27 19:59:09.698 +06:00 [INF] User logged in.
2021-09-27 20:00:30.964 +06:00 [INF] Application Starting up
2021-09-27 20:00:50.746 +06:00 [INF] User logged in.
2021-09-27 20:03:11.750 +06:00 [INF] Application Starting up
2021-09-27 20:03:52.828 +06:00 [INF] User logged in.
